<?xml version="1.0" encoding="UTF-8"?>
<!-- Generated by org.testng.reporters.JUnitReportReporter -->
<testsuite skipped="0" hostname="BLT132" name="TestNG_Demo.Excel_Login" tests="1" failures="0" timestamp="19 Feb 2020 06:27:34 GMT" time="7.487" errors="1">
  <testcase name="excel" time="7.487" classname="TestNG_Demo.Excel_Login">
    <error type="org.openqa.selenium.SessionNotCreatedException" message="session not created
from chrome not reachable
  (Session info: chrome=80.0.3987.106)
Build info: version: &#039;3.141.59&#039;, revision: &#039;e82be7d358&#039;, time: &#039;2018-11-14T08:17:03&#039;
System info: host: &#039;BLT132&#039;, ip: &#039;192.168.0.132&#039;, os.name: &#039;Windows 7&#039;, os.arch: &#039;amd64&#039;, os.version: &#039;6.1&#039;, java.version: &#039;1.8.0_221&#039;
Driver info: driver.version: ChromeDriver
remote stacktrace: Backtrace:
	Ordinal0 [0x0149A113+1548563]
	Ordinal0 [0x0141DDA1+1039777]
	Ordinal0 [0x0139E32E+516910]
	Ordinal0 [0x01398012+491538]
	Ordinal0 [0x013986EB+493291]
	Ordinal0 [0x01399855+497749]
	Ordinal0 [0x01395885+481413]
	Ordinal0 [0x0139F0D0+520400]
	Ordinal0 [0x0134C030+180272]
	Ordinal0 [0x0134B59D+177565]
	Ordinal0 [0x013495FB+169467]
	Ordinal0 [0x0133160A+71178]
	Ordinal0 [0x01332690+75408]
	Ordinal0 [0x01332629+75305]
	Ordinal0 [0x014371B7+1143223]
	GetHandleVerifier [0x01532B46+507814]
	GetHandleVerifier [0x01532864+507076]
	GetHandleVerifier [0x01539F47+537511]
	GetHandleVerifier [0x01533402+510050]
	Ordinal0 [0x0142F29C+1110684]
	Ordinal0 [0x0143938B+1151883]
	Ordinal0 [0x014394F3+1152243]
	Ordinal0 [0x014383F5+1147893]
	BaseThreadInitThunk [0x771D33AA+18]
	RtlInitializeExceptionChain [0x77D89F72+99]
	RtlInitializeExceptionChain [0x77D89F45+54]
">
      <![CDATA[org.openqa.selenium.SessionNotCreatedException: session not created
from chrome not reachable
  (Session info: chrome=80.0.3987.106)
Build info: version: '3.141.59', revision: 'e82be7d358', time: '2018-11-14T08:17:03'
System info: host: 'BLT132', ip: '192.168.0.132', os.name: 'Windows 7', os.arch: 'amd64', os.version: '6.1', java.version: '1.8.0_221'
Driver info: driver.version: ChromeDriver
remote stacktrace: Backtrace:
Ordinal0 [0x0149A113+1548563]
Ordinal0 [0x0141DDA1+1039777]
Ordinal0 [0x0139E32E+516910]
Ordinal0 [0x01398012+491538]
Ordinal0 [0x013986EB+493291]
Ordinal0 [0x01399855+497749]
Ordinal0 [0x01395885+481413]
Ordinal0 [0x0139F0D0+520400]
Ordinal0 [0x0134C030+180272]
Ordinal0 [0x0134B59D+177565]
Ordinal0 [0x013495FB+169467]
Ordinal0 [0x0133160A+71178]
Ordinal0 [0x01332690+75408]
Ordinal0 [0x01332629+75305]
Ordinal0 [0x014371B7+1143223]
GetHandleVerifier [0x01532B46+507814]
GetHandleVerifier [0x01532864+507076]
GetHandleVerifier [0x01539F47+537511]
GetHandleVerifier [0x01533402+510050]
Ordinal0 [0x0142F29C+1110684]
Ordinal0 [0x0143938B+1151883]
Ordinal0 [0x014394F3+1152243]
Ordinal0 [0x014383F5+1147893]
BaseThreadInitThunk [0x771D33AA+18]
RtlInitializeExceptionChain [0x77D89F72+99]
RtlInitializeExceptionChain [0x77D89F45+54]

at sun.reflect.NativeConstructorAccessorImpl.newInstance0(Native Method)
at sun.reflect.NativeConstructorAccessorImpl.newInstance(NativeConstructorAccessorImpl.java:62)
at sun.reflect.DelegatingConstructorAccessorImpl.newInstance(DelegatingConstructorAccessorImpl.java:45)
at java.lang.reflect.Constructor.newInstance(Constructor.java:423)
at org.openqa.selenium.remote.W3CHandshakeResponse.lambda$errorHandler$0(W3CHandshakeResponse.java:62)
at org.openqa.selenium.remote.HandshakeResponse.lambda$getResponseFunction$0(HandshakeResponse.java:30)
at org.openqa.selenium.remote.ProtocolHandshake.lambda$createSession$0(ProtocolHandshake.java:126)
at java.util.stream.ReferencePipeline$3$1.accept(ReferencePipeline.java:193)
at java.util.Spliterators$ArraySpliterator.tryAdvance(Spliterators.java:958)
at java.util.stream.ReferencePipeline.forEachWithCancel(ReferencePipeline.java:126)
at java.util.stream.AbstractPipeline.copyIntoWithCancel(AbstractPipeline.java:499)
at java.util.stream.AbstractPipeline.copyInto(AbstractPipeline.java:486)
at java.util.stream.AbstractPipeline.wrapAndCopyInto(AbstractPipeline.java:472)
at java.util.stream.FindOps$FindOp.evaluateSequential(FindOps.java:152)
at java.util.stream.AbstractPipeline.evaluate(AbstractPipeline.java:234)
at java.util.stream.ReferencePipeline.findFirst(ReferencePipeline.java:464)
at org.openqa.selenium.remote.ProtocolHandshake.createSession(ProtocolHandshake.java:128)
at org.openqa.selenium.remote.ProtocolHandshake.createSession(ProtocolHandshake.java:74)
at org.openqa.selenium.remote.HttpCommandExecutor.execute(HttpCommandExecutor.java:136)
at org.openqa.selenium.remote.service.DriverCommandExecutor.execute(DriverCommandExecutor.java:83)
at org.openqa.selenium.remote.RemoteWebDriver.execute(RemoteWebDriver.java:552)
at org.openqa.selenium.remote.RemoteWebDriver.startSession(RemoteWebDriver.java:213)
at org.openqa.selenium.remote.RemoteWebDriver.<init>(RemoteWebDriver.java:131)
at org.openqa.selenium.chrome.ChromeDriver.<init>(ChromeDriver.java:181)
at org.openqa.selenium.chrome.ChromeDriver.<init>(ChromeDriver.java:168)
at org.openqa.selenium.chrome.ChromeDriver.<init>(ChromeDriver.java:123)
at TestNG_Demo.Excel_Login.excel(Excel_Login.java:33)
at sun.reflect.NativeMethodAccessorImpl.invoke0(Native Method)
at sun.reflect.NativeMethodAccessorImpl.invoke(NativeMethodAccessorImpl.java:62)
at sun.reflect.DelegatingMethodAccessorImpl.invoke(DelegatingMethodAccessorImpl.java:43)
at java.lang.reflect.Method.invoke(Method.java:498)
at org.testng.internal.MethodInvocationHelper.invokeMethod(MethodInvocationHelper.java:124)
at org.testng.internal.Invoker.invokeMethod(Invoker.java:583)
at org.testng.internal.Invoker.invokeTestMethod(Invoker.java:719)
at org.testng.internal.Invoker.invokeTestMethods(Invoker.java:989)
at org.testng.internal.TestMethodWorker.invokeTestMethods(TestMethodWorker.java:125)
at org.testng.internal.TestMethodWorker.run(TestMethodWorker.java:109)
at org.testng.TestRunner.privateRun(TestRunner.java:648)
at org.testng.TestRunner.run(TestRunner.java:505)
at org.testng.SuiteRunner.runTest(SuiteRunner.java:455)
at org.testng.SuiteRunner.runSequentially(SuiteRunner.java:450)
at org.testng.SuiteRunner.privateRun(SuiteRunner.java:415)
at org.testng.SuiteRunner.run(SuiteRunner.java:364)
at org.testng.SuiteRunnerWorker.runSuite(SuiteRunnerWorker.java:52)
at org.testng.SuiteRunnerWorker.run(SuiteRunnerWorker.java:84)
at org.testng.TestNG.runSuitesSequentially(TestNG.java:1208)
at org.testng.TestNG.runSuitesLocally(TestNG.java:1137)
at org.testng.TestNG.runSuites(TestNG.java:1049)
at org.testng.TestNG.run(TestNG.java:1017)
at org.testng.remote.AbstractRemoteTestNG.run(AbstractRemoteTestNG.java:114)
at org.testng.remote.RemoteTestNG.initAndRun(RemoteTestNG.java:251)
at org.testng.remote.RemoteTestNG.main(RemoteTestNG.java:77)
]]>
    </error>
  </testcase> <!-- excel -->
</testsuite> <!-- TestNG_Demo.Excel_Login -->
